<?xml version="1.0" encoding="UTF-8"?>
<testsuite name="ru.stqa.pft.addressbook.tests.ContactDeletionTests" tests="1" skipped="0" failures="0" errors="0" timestamp="2018-05-08T19:19:45" hostname="MacBook-Pro-Julia.local" time="7.587">
  <properties/>
  <testcase name="Delete" classname="ru.stqa.pft.addressbook.tests.ContactDeletionTests" time="7.587"/>
  <system-out><![CDATA[]]></system-out>
  <system-err><![CDATA[]]></system-err>
</testsuite>
